This is pdfTeX, Version 3.14159265-2.6-1.40.15 (TeX Live 2014) (preloaded format=latex 2014.5.25)  6 MAR 2016 18:12
entering extended mode
 restricted \write18 enabled.
 %&-line parsing enabled.
**stttguid.tex
(./stttguid.tex
LaTeX2e <2014/05/01>
Babel <3.9k> and hyphenation patterns for 78 languages loaded.
(/usr/local/texlive/2014/texmf-dist/tex/latex/base/ltxguide.cls
Document Class: ltxguide 2001/05/28 Standard LaTeX class
Class ltxguide Info: Local configuration file not found on input line 50.
(/usr/local/texlive/2014/texmf-dist/tex/latex/base/article.cls
Document Class: article 2007/10/19 v1.4h Standard LaTeX document class
(/usr/local/texlive/2014/texmf-dist/tex/latex/base/size10.clo
File: size10.clo 2007/10/19 v1.4h Standard LaTeX file (size option)
)
\c@part=\count79
\c@section=\count80
\c@subsection=\count81
\c@subsubsection=\count82
\c@paragraph=\count83
\c@subparagraph=\count84
\c@figure=\count85
\c@table=\count86
\abovecaptionskip=\skip41
\belowcaptionskip=\skip42
\bibindent=\dimen102
)
(/usr/local/texlive/2014/texmf-dist/tex/latex/base/shortvrb.sty
Package: shortvrb 2010/02/04 v2.1e Standard LaTeX documentation package (FMi)
)
Package shortvrb Info: Made | a short reference for \verb on input line 142.
)
Package shortvrb Info: Deleted | as a short reference for \verb(*) on input lin
e 33.
Package shortvrb Info: Made | a short reference for \verb on input line 46.

No file stttguid.aux.
\openout1 = `stttguid.aux'.

LaTeX Font Info:    Checking defaults for OML/cmm/m/it on input line 66.
LaTeX Font Info:    ... okay on input line 66.
LaTeX Font Info:    Checking defaults for T1/cmr/m/n on input line 66.
LaTeX Font Info:    ... okay on input line 66.
LaTeX Font Info:    Checking defaults for OT1/cmr/m/n on input line 66.
LaTeX Font Info:    ... okay on input line 66.
LaTeX Font Info:    Checking defaults for OMS/cmsy/m/n on input line 66.
LaTeX Font Info:    ... okay on input line 66.
LaTeX Font Info:    Checking defaults for OMX/cmex/m/n on input line 66.
LaTeX Font Info:    ... okay on input line 66.
LaTeX Font Info:    Checking defaults for U/cmr/m/n on input line 66.
LaTeX Font Info:    ... okay on input line 66.
LaTeX Font Info:    External font `cmex10' loaded for size
(Font)              <12> on input line 68.
LaTeX Font Info:    External font `cmex10' loaded for size
(Font)              <8> on input line 68.
LaTeX Font Info:    External font `cmex10' loaded for size
(Font)              <6> on input line 68.
LaTeX Font Info:    Try loading font information for OMS+cmr on input line 68.
(/usr/local/texlive/2014/texmf-dist/tex/latex/base/omscmr.fd
File: omscmr.fd 1999/05/25 v2.5h Standard LaTeX font definitions
)
LaTeX Font Info:    Font shape `OMS/cmr/m/n' in size <12> not available
(Font)              Font shape `OMS/cmsy/m/n' tried instead on input line 68.
LaTeX Font Info:    External font `cmex10' loaded for size
(Font)              <7> on input line 73.
LaTeX Font Info:    External font `cmex10' loaded for size
(Font)              <5> on input line 73.
 [1

]
(./stttguid.aux)

LaTeX Warning: Label(s) may have changed. Rerun to get cross-references right.

 ) 
Here is how much of TeX's memory you used:
 316 strings out of 493118
 3641 string characters out of 6135459
 55370 words of memory out of 5000000
 3843 multiletter control sequences out of 15000+600000
 9041 words of font info for 32 fonts, out of 8000000 for 9000
 1141 hyphenation exceptions out of 8191
 28i,11n,21p,160b,262s stack positions out of 5000i,500n,10000p,200000b,80000s

Output written on stttguid.dvi (1 page, 1856 bytes).
