Random testing using config=Config(k=1, depth=100, seed=None, maxtests=-1, timeout=30)
1 2
FOUND NEW BRANCH 0.00560188293457 9
FOUND NEW BRANCH 0.00673294067383 29
FOUND NEW BRANCH 0.0083749294281 54
FOUND NEW BRANCH 0.0119590759277 64
FOUND NEW BRANCH 0.0156638622284 66
FOUND NEW BRANCH 0.050262928009 70
FOUND NEW BRANCH 0.0623998641968 76
FOUND NEW BRANCH 0.0978379249573 110
FOUND NEW BRANCH 0.175978899002 121
FOUND NEW BRANCH 0.344184875488 136
FOUND NEW BRANCH 0.411424875259 140
2 140
3 140
4 140
5 140
FOUND NEW BRANCH 1.6499569416 142
FOUND NEW BRANCH 1.78056406975 144
6 144
7 144
8 144
9 144
10 144
11 144
12 144
13 144
14 144
15 144
16 144
17 144
18 144
19 144
20 144
21 144
22 144
23 144
24 144
25 144
26 144
27 144
28 144
29 144
30 144
31 144
32 144
33 144
34 144
35 144
36 144
37 144
38 144
39 144
40 144
41 144
42 144
43 144
44 144
45 144
46 144
47 144
48 144
49 144
50 144
51 144
52 144
53 144
54 144
55 144
56 144
57 144
58 144
59 144
60 144
61 144
62 144
63 144
64 144
65 144
66 144
67 144
68 144
69 144
70 144
71 144
72 144
73 144
74 144
75 144
76 144
77 144
78 144
79 144
80 144
81 144
82 144
83 144
84 144
85 144
86 144
87 144
88 144
89 144
90 144
91 144
92 144
93 144
94 144
95 144
96 144
97 144
98 144
99 144
100 144
101 144
102 144
103 144
104 144
105 144
106 144
107 144
108 144
109 144
110 144
111 144
EXITING DUE TO TIMEOUT
111 EXECUTED
