Random testing using config=Config(k=3, depth=100, seed=None, maxtests=-1, timeout=30)
1 2
FOUND NEW BRANCH 0.00682401657104 9
FOUND NEW BRANCH 0.00828218460083 29
FOUND NEW BRANCH 0.0106680393219 68
FOUND NEW BRANCH 0.0122501850128 93
FOUND NEW BRANCH 0.0149810314178 95
FOUND NEW BRANCH 0.0207459926605 99
FOUND NEW BRANCH 0.0486102104187 104
FOUND NEW BRANCH 0.0630521774292 123
FOUND NEW BRANCH 0.0872201919556 129
FOUND NEW BRANCH 0.227435112 130
FOUND NEW BRANCH 0.709568023682 132
FOUND NEW BRANCH 0.746793031693 137
2 137
3 137
FOUND NEW BRANCH 2.7195930481 139
4 139
5 139
FOUND NEW BRANCH 4.24058222771 140
6 140
FOUND NEW BRANCH 5.70373702049 142
7 142
8 142
9 142
10 142
11 142
12 142
13 142
14 142
15 142
16 142
17 142
18 142
19 142
20 142
21 142
22 142
23 142
24 142
25 142
26 142
27 142
28 142
29 142
30 142
31 142
EXITING DUE TO TIMEOUT
31 EXECUTED
