Random testing using config=Config(depth=100, seed=None, maxtests=-1, timeout=300)
1 75
FOUND NEW BRANCH 0.0155849456787 80
FOUND NEW BRANCH 0.0195679664612 91
FOUND NEW BRANCH 0.0235278606415 95
FOUND NEW BRANCH 0.050176858902 102
FOUND NEW BRANCH 0.0553789138794 112
FOUND NEW BRANCH 0.0604240894318 124
FOUND NEW BRANCH 0.0655889511108 137
FOUND NEW BRANCH 0.0764660835266 145
FOUND NEW BRANCH 0.0822629928589 151
FOUND NEW BRANCH 0.0880708694458 158
FOUND NEW BRANCH 0.0940370559692 159
FOUND NEW BRANCH 0.0999429225922 169
FOUND NEW BRANCH 0.111799955368 175
FOUND NEW BRANCH 0.123579025269 182
FOUND NEW BRANCH 0.129520893097 188
FOUND NEW BRANCH 0.135334968567 193
FOUND NEW BRANCH 0.147623062134 194
FOUND NEW BRANCH 0.165101051331 206
FOUND NEW BRANCH 0.188925981522 211
FOUND NEW BRANCH 0.212188959122 219
FOUND NEW BRANCH 0.223830938339 226
FOUND NEW BRANCH 0.247348070145 232
FOUND NEW BRANCH 0.253221988678 242
FOUND NEW BRANCH 0.264831066132 250
FOUND NEW BRANCH 0.294085025787 251
FOUND NEW BRANCH 0.343316078186 254
FOUND NEW BRANCH 0.424759864807 266
FOUND NEW BRANCH 0.431015014648 273
FOUND NEW BRANCH 0.437264919281 274
FOUND NEW BRANCH 0.474753856659 275
FOUND NEW BRANCH 0.544233083725 276
2 276
FOUND NEW BRANCH 0.636515855789 277
FOUND NEW BRANCH 0.662662029266 286
FOUND NEW BRANCH 0.678196907043 287
FOUND NEW BRANCH 0.683294057846 288
FOUND NEW BRANCH 0.693638086319 289
FOUND NEW BRANCH 0.729197025299 291
FOUND NEW BRANCH 0.734205007553 292
FOUND NEW BRANCH 0.795527935028 293
FOUND NEW BRANCH 0.810961008072 294
FOUND NEW BRANCH 0.826281070709 295
FOUND NEW BRANCH 0.841606855392 297
FOUND NEW BRANCH 0.851649045944 299
FOUND NEW BRANCH 0.862544059753 300
FOUND NEW BRANCH 0.918642044067 302
FOUND NEW BRANCH 0.971374988556 304
FOUND NEW BRANCH 1.01226401329 305
3 305
4 305
5 305
FOUND NEW BRANCH 2.29124093056 311
6 311
7 311
8 311
9 311
FOUND NEW BRANCH 4.0069539547 312
10 312
11 312
FOUND NEW BRANCH 4.73078989983 313
FOUND NEW BRANCH 4.74945807457 314
FOUND NEW BRANCH 4.76453399658 315
FOUND NEW BRANCH 4.77559685707 316
12 316
13 316
FOUND NEW BRANCH 5.38982486725 319
FOUND NEW BRANCH 5.42505693436 321
14 321
15 321
16 321
17 321
18 321
19 321
20 321
FOUND NEW BRANCH 7.52730202675 329
FOUND NEW BRANCH 7.53725004196 331
FOUND NEW BRANCH 7.60625195503 342
FOUND NEW BRANCH 7.62313985825 358
FOUND NEW BRANCH 7.62653708458 359
FOUND NEW BRANCH 7.6332218647 362
FOUND NEW BRANCH 7.6537129879 365
21 365
22 365
23 365
24 365
25 365
26 365
FOUND NEW BRANCH 9.47764205933 366
FOUND NEW BRANCH 9.48049688339 367
FOUND NEW BRANCH 9.49984502792 368
FOUND NEW BRANCH 9.50274205208 369
FOUND NEW BRANCH 9.51124405861 370
FOUND NEW BRANCH 9.5278198719 371
FOUND NEW BRANCH 9.54439401627 372
FOUND NEW BRANCH 9.54716992378 373
FOUND NEW BRANCH 9.55263400078 374
FOUND NEW BRANCH 9.55843091011 383
FOUND NEW BRANCH 9.56120491028 384
FOUND NEW BRANCH 9.57501506805 385
FOUND NEW BRANCH 9.57773089409 386
FOUND NEW BRANCH 9.59176206589 387
FOUND NEW BRANCH 9.59724998474 388
FOUND NEW BRANCH 9.60858607292 390
FOUND NEW BRANCH 9.6225130558 391
27 391
28 391
29 391
30 391
31 391
32 391
33 391
34 391
35 391
36 391
37 391
38 391
39 391
40 391
41 391
42 391
FOUND NEW BRANCH 14.5880720615 393
43 393
44 393
FOUND NEW BRANCH 15.2239599228 394
FOUND NEW BRANCH 15.23031497 395
45 395
46 395
47 395
48 395
49 395
FOUND NEW BRANCH 16.7606739998 396
FOUND NEW BRANCH 16.7774999142 398
FOUND NEW BRANCH 16.8242330551 399
FOUND NEW BRANCH 16.8275940418 400
FOUND NEW BRANCH 16.8376049995 401
FOUND NEW BRANCH 16.8408489227 402
FOUND NEW BRANCH 16.8442690372 403
FOUND NEW BRANCH 16.8508629799 404
FOUND NEW BRANCH 16.8542609215 405
FOUND NEW BRANCH 16.8576159477 406
FOUND NEW BRANCH 16.8675990105 407
FOUND NEW BRANCH 16.8716340065 408
FOUND NEW BRANCH 16.8782820702 409
FOUND NEW BRANCH 16.8816280365 410
FOUND NEW BRANCH 16.8918139935 411
FOUND NEW BRANCH 16.9017469883 412
50 412
51 412
FOUND NEW BRANCH 17.4563179016 414
FOUND NEW BRANCH 17.4731330872 415
FOUND NEW BRANCH 17.4958839417 416
FOUND NEW BRANCH 17.5240299702 422
FOUND NEW BRANCH 17.5694348812 424
FOUND NEW BRANCH 17.5864648819 425
FOUND NEW BRANCH 17.6372408867 437
FOUND NEW BRANCH 17.6428608894 438
FOUND NEW BRANCH 17.7050778866 439
52 439
53 439
54 439
55 439
56 439
57 439
FOUND NEW BRANCH 20.9077479839 440
58 440
FOUND NEW BRANCH 21.4694650173 441
FOUND NEW BRANCH 21.4746389389 442
FOUND NEW BRANCH 21.490557909 443
FOUND NEW BRANCH 21.4961719513 444
FOUND NEW BRANCH 21.5016319752 445
FOUND NEW BRANCH 21.5071349144 446
FOUND NEW BRANCH 21.5179750919 447
FOUND NEW BRANCH 21.540104866 448
FOUND NEW BRANCH 21.5455088615 449
FOUND NEW BRANCH 21.5674538612 450
FOUND NEW BRANCH 21.6066958904 451
59 451
60 451
61 451
62 451
63 451
64 451
65 451
66 451
FOUND NEW BRANCH 24.6204249859 452
FOUND NEW BRANCH 24.6328668594 453
FOUND NEW BRANCH 24.6400039196 454
FOUND NEW BRANCH 24.6431429386 455
FOUND NEW BRANCH 24.6462650299 456
FOUND NEW BRANCH 24.6557700634 457
FOUND NEW BRANCH 24.6747119427 458
FOUND NEW BRANCH 24.7120630741 459
67 459
68 459
FOUND NEW BRANCH 25.328291893 460
FOUND NEW BRANCH 25.3478109837 461
69 461
70 461
71 461
72 461
73 461
74 461
75 461
76 461
FOUND NEW BRANCH 27.7566859722 462
FOUND NEW BRANCH 27.902577877 463
77 463
78 463
79 463
80 463
81 463
82 463
FOUND NEW BRANCH 29.904861927 466
83 466
84 466
85 466
86 466
87 466
88 466
FOUND NEW BRANCH 32.3689210415 467
89 467
90 467
91 467
92 467
93 467
94 467
95 467
FOUND NEW BRANCH 34.7484600544 468
FOUND NEW BRANCH 34.7611010075 469
96 469
97 469
98 469
FOUND NEW BRANCH 35.5023810863 473
FOUND NEW BRANCH 35.5142920017 474
FOUND NEW BRANCH 35.5835618973 477
99 477
100 477
101 477
102 477
103 477
104 477
105 477
106 477
107 477
108 477
109 477
110 477
111 477
112 477
113 477
114 477
115 477
116 477
117 477
118 477
119 477
120 477
FOUND NEW BRANCH 43.1429688931 478
121 478
122 478
123 478
124 478
FOUND NEW BRANCH 44.469534874 480
FOUND NEW BRANCH 44.5966849327 481
FOUND NEW BRANCH 44.6038069725 482
125 482
126 482
127 482
128 482
129 482
130 482
FOUND NEW BRANCH 46.5450680256 484
FOUND NEW BRANCH 46.6050450802 485
131 485
132 485
133 485
134 485
135 485
FOUND NEW BRANCH 48.0278689861 486
136 486
137 486
138 486
139 486
140 486
141 486
142 486
143 486
144 486
145 486
146 486
FOUND NEW BRANCH 51.9201450348 487
147 487
FOUND NEW BRANCH 52.0924220085 488
148 488
149 488
150 488
151 488
152 488
153 488
154 488
155 488
156 488
157 488
158 488
159 488
160 488
161 488
162 488
163 488
164 488
165 488
166 488
167 488
168 488
FOUND NEW BRANCH 58.9574079514 489
FOUND NEW BRANCH 59.0684230328 490
169 490
170 490
171 490
172 490
173 490
FOUND NEW BRANCH 60.4703440666 491
174 491
FOUND NEW BRANCH 60.916852951 492
FOUND NEW BRANCH 60.9238770008 493
FOUND NEW BRANCH 60.941546917 494
FOUND NEW BRANCH 60.9930200577 495
175 495
176 495
177 495
178 495
179 495
180 495
FOUND NEW BRANCH 62.9566810131 496
181 496
FOUND NEW BRANCH 63.0491268635 498
182 498
183 498
184 498
185 498
186 498
187 498
188 498
189 498
190 498
191 498
192 498
193 498
194 498
195 498
196 498
197 498
198 498
199 498
200 498
201 498
202 498
203 498
204 498
205 498
206 498
207 498
208 498
209 498
210 498
211 498
212 498
213 498
214 498
215 498
216 498
217 498
218 498
219 498
220 498
221 498
222 498
223 498
224 498
225 498
226 498
227 498
228 498
229 498
230 498
231 498
232 498
233 498
234 498
235 498
236 498
237 498
238 498
239 498
240 498
241 498
242 498
243 498
244 498
245 498
246 498
247 498
FOUND NEW BRANCH 85.1859898567 499
248 499
FOUND NEW BRANCH 85.3834550381 500
FOUND NEW BRANCH 85.4006230831 501
249 501
250 501
251 501
252 501
253 501
254 501
255 501
256 501
257 501
258 501
259 501
260 501
261 501
262 501
263 501
264 501
265 501
266 501
267 501
268 501
269 501
270 501
271 501
272 501
273 501
274 501
275 501
276 501
277 501
278 501
279 501
280 501
281 501
282 501
283 501
284 501
285 501
286 501
287 501
288 501
289 501
290 501
291 501
292 501
293 501
294 501
295 501
296 501
297 501
298 501
299 501
300 501
301 501
302 501
FOUND NEW BRANCH 103.830915928 507
303 507
304 507
305 507
FOUND NEW BRANCH 104.859830856 508
306 508
307 508
308 508
309 508
310 508
311 508
312 508
313 508
314 508
315 508
316 508
317 508
318 508
319 508
320 508
321 508
322 508
323 508
324 508
FOUND NEW BRANCH 111.099411964 509
325 509
326 509
327 509
328 509
329 509
330 509
FOUND NEW BRANCH 113.102283001 511
331 511
332 511
333 511
334 511
335 511
336 511
337 511
338 511
339 511
340 511
341 511
342 511
343 511
344 511
345 511
346 511
347 511
348 511
349 511
350 511
351 511
352 511
353 511
354 511
355 511
356 511
357 511
358 511
359 511
360 511
361 511
362 511
363 511
364 511
365 511
366 511
367 511
368 511
369 511
370 511
371 511
372 511
373 511
374 511
375 511
376 511
377 511
378 511
379 511
380 511
381 511
382 511
383 511
384 511
385 511
386 511
387 511
388 511
389 511
390 511
391 511
392 511
393 511
394 511
395 511
396 511
397 511
398 511
399 511
400 511
401 511
FOUND NEW BRANCH 137.236129045 513
402 513
403 513
404 513
405 513
406 513
407 513
408 513
409 513
410 513
411 513
412 513
413 513
414 513
415 513
416 513
417 513
418 513
419 513
420 513
421 513
422 513
423 513
424 513
425 513
426 513
427 513
428 513
429 513
430 513
431 513
432 513
433 513
434 513
435 513
436 513
437 513
438 513
439 513
440 513
441 513
442 513
443 513
444 513
445 513
446 513
447 513
448 513
449 513
450 513
451 513
452 513
453 513
454 513
455 513
456 513
457 513
458 513
459 513
460 513
461 513
462 513
463 513
464 513
465 513
466 513
467 513
468 513
469 513
470 513
471 513
472 513
473 513
474 513
475 513
476 513
477 513
478 513
479 513
480 513
481 513
FOUND NEW BRANCH 164.641339064 514
482 514
483 514
484 514
485 514
486 514
487 514
488 514
489 514
490 514
491 514
492 514
493 514
494 514
495 514
496 514
497 514
498 514
499 514
500 514
501 514
502 514
503 514
504 514
505 514
506 514
507 514
508 514
509 514
510 514
511 514
512 514
513 514
514 514
515 514
516 514
517 514
518 514
519 514
520 514
521 514
522 514
523 514
524 514
525 514
526 514
527 514
528 514
529 514
530 514
531 514
532 514
533 514
534 514
535 514
536 514
537 514
538 514
539 514
540 514
541 514
542 514
543 514
544 514
545 514
546 514
547 514
548 514
549 514
550 514
551 514
552 514
553 514
554 514
555 514
556 514
557 514
558 514
559 514
560 514
561 514
562 514
563 514
564 514
565 514
566 514
567 514
568 514
569 514
570 514
571 514
572 514
573 514
574 514
575 514
576 514
577 514
FOUND NEW BRANCH 197.051348925 516
578 516
579 516
580 516
581 516
582 516
583 516
584 516
585 516
586 516
587 516
588 516
589 516
590 516
591 516
592 516
593 516
594 516
595 516
596 516
597 516
598 516
599 516
600 516
601 516
602 516
603 516
604 516
605 516
606 516
607 516
608 516
609 516
FOUND NEW BRANCH 207.427731037 517
610 517
611 517
612 517
613 517
614 517
615 517
616 517
617 517
618 517
619 517
620 517
621 517
622 517
623 517
624 517
625 517
626 517
627 517
628 517
629 517
630 517
631 517
632 517
633 517
634 517
635 517
636 517
637 517
638 517
639 517
640 517
641 517
642 517
643 517
644 517
645 517
646 517
647 517
648 517
649 517
650 517
651 517
652 517
653 517
654 517
655 517
656 517
657 517
658 517
659 517
660 517
661 517
662 517
663 517
664 517
665 517
666 517
667 517
668 517
669 517
670 517
671 517
672 517
673 517
674 517
675 517
676 517
677 517
678 517
679 517
680 517
681 517
682 517
683 517
684 517
685 517
686 517
687 517
688 517
689 517
690 517
691 517
692 517
693 517
694 517
695 517
696 517
697 517
698 517
699 517
700 517
701 517
702 517
703 517
704 517
705 517
706 517
707 517
708 517
709 517
710 517
711 517
712 517
713 517
714 517
715 517
716 517
717 517
718 517
719 517
720 517
721 517
722 517
723 517
724 517
725 517
726 517
727 517
728 517
729 517
730 517
731 517
732 517
733 517
734 517
735 517
736 517
737 517
738 517
739 517
740 517
741 517
742 517
743 517
744 517
745 517
746 517
747 517
748 517
749 517
750 517
751 517
752 517
753 517
754 517
755 517
756 517
757 517
758 517
759 517
760 517
761 517
762 517
763 517
764 517
765 517
766 517
767 517
768 517
769 517
770 517
771 517
772 517
773 517
774 517
775 517
776 517
777 517
778 517
779 517
780 517
781 517
782 517
783 517
784 517
785 517
786 517
787 517
788 517
789 517
790 517
791 517
792 517
793 517
794 517
795 517
796 517
797 517
798 517
799 517
800 517
801 517
802 517
803 517
804 517
805 517
806 517
807 517
808 517
809 517
810 517
811 517
812 517
813 517
814 517
815 517
816 517
817 517
818 517
819 517
820 517
821 517
822 517
823 517
824 517
825 517
826 517
827 517
828 517
829 517
830 517
831 517
832 517
833 517
834 517
835 517
836 517
FOUND NEW BRANCH 280.698493004 518
837 518
838 518
839 518
840 518
841 518
842 518
843 518
844 518
845 518
846 518
847 518
848 518
849 518
850 518
851 518
852 518
853 518
854 518
855 518
856 518
857 518
858 518
859 518
860 518
861 518
862 518
863 518
864 518
865 518
866 518
867 518
868 518
869 518
870 518
871 518
872 518
873 518
874 518
875 518
876 518
877 518
878 518
879 518
880 518
881 518
882 518
883 518
884 518
885 518
886 518
887 518
888 518
889 518
890 518
891 518
892 518
893 518
894 518
895 518
896 518
897 518
898 518
EXITING DUE TO TIMEOUT
898 EXECUTED
