Random testing using config=Config(depth=100, seed=None, maxtests=-1, timeout=60)
1 75
FOUND NEW BRANCH 0.0161838531494 86
FOUND NEW BRANCH 0.019670009613 91
FOUND NEW BRANCH 0.0237147808075 95
FOUND NEW BRANCH 0.0366988182068 102
FOUND NEW BRANCH 0.0471398830414 118
FOUND NEW BRANCH 0.0524928569794 124
FOUND NEW BRANCH 0.0577068328857 132
FOUND NEW BRANCH 0.0681118965149 144
FOUND NEW BRANCH 0.0784559249878 157
FOUND NEW BRANCH 0.0837159156799 168
FOUND NEW BRANCH 0.0889098644257 180
FOUND NEW BRANCH 0.0941319465637 186
FOUND NEW BRANCH 0.104687929153 194
FOUND NEW BRANCH 0.115540981293 200
FOUND NEW BRANCH 0.121147871017 203
FOUND NEW BRANCH 0.126720905304 209
FOUND NEW BRANCH 0.132472991943 216
FOUND NEW BRANCH 0.138064861298 221
FOUND NEW BRANCH 0.143710851669 222
FOUND NEW BRANCH 0.166353940964 229
FOUND NEW BRANCH 0.171942949295 230
FOUND NEW BRANCH 0.195045948029 239
FOUND NEW BRANCH 0.223029851913 245
FOUND NEW BRANCH 0.228547811508 251
FOUND NEW BRANCH 0.234145879745 261
FOUND NEW BRANCH 0.256531953812 269
FOUND NEW BRANCH 0.27899479866 276
FOUND NEW BRANCH 0.29021191597 277
FOUND NEW BRANCH 0.307040929794 278
FOUND NEW BRANCH 0.31269288063 279
FOUND NEW BRANCH 0.323868989944 284
FOUND NEW BRANCH 0.387328863144 285
FOUND NEW BRANCH 0.397733926773 286
FOUND NEW BRANCH 0.502901792526 292
FOUND NEW BRANCH 0.533921957016 293
FOUND NEW BRANCH 0.544461965561 296
2 296
FOUND NEW BRANCH 0.586599826813 297
FOUND NEW BRANCH 0.591493844986 299
FOUND NEW BRANCH 0.901192903519 300
FOUND NEW BRANCH 0.904460906982 301
FOUND NEW BRANCH 0.91090297699 302
FOUND NEW BRANCH 0.927055835724 303
3 303
FOUND NEW BRANCH 1.29421186447 304
4 304
5 304
6 304
7 304
8 304
9 304
FOUND NEW BRANCH 3.17148399353 306
FOUND NEW BRANCH 3.19717884064 307
FOUND NEW BRANCH 3.22914791107 308
10 308
FOUND NEW BRANCH 3.65388989449 310
FOUND NEW BRANCH 3.699903965 311
FOUND NEW BRANCH 3.70345592499 312
11 312
12 312
FOUND NEW BRANCH 4.34529900551 313
FOUND NEW BRANCH 4.37528085709 315
FOUND NEW BRANCH 4.37911987305 316
13 316
14 316
15 316
FOUND NEW BRANCH 5.13181495667 317
FOUND NEW BRANCH 5.13484191895 319
FOUND NEW BRANCH 5.16819596291 320
16 320
17 320
18 320
19 320
FOUND NEW BRANCH 6.55870199203 321
FOUND NEW BRANCH 6.60838890076 323
FOUND NEW BRANCH 6.66555786133 324
FOUND NEW BRANCH 6.68876600266 325
20 325
21 325
22 325
23 325
24 325
25 325
26 325
27 325
28 325
29 325
FOUND NEW BRANCH 9.87234091759 326
FOUND NEW BRANCH 9.87547492981 327
FOUND NEW BRANCH 9.88181400299 329
FOUND NEW BRANCH 9.91232180595 330
FOUND NEW BRANCH 9.93449187279 332
FOUND NEW BRANCH 9.93834996223 334
FOUND NEW BRANCH 9.94437980652 335
FOUND NEW BRANCH 9.95060586929 336
FOUND NEW BRANCH 9.95367789268 337
FOUND NEW BRANCH 9.96590995789 338
FOUND NEW BRANCH 9.9818239212 339
FOUND NEW BRANCH 9.98501682281 340
FOUND NEW BRANCH 9.99437880516 343
FOUND NEW BRANCH 10.0005397797 344
30 344
31 344
32 344
33 344
FOUND NEW BRANCH 11.2291078568 352
FOUND NEW BRANCH 11.2444009781 356
FOUND NEW BRANCH 11.2519958019 357
FOUND NEW BRANCH 11.2939209938 358
FOUND NEW BRANCH 11.3128399849 359
34 359
35 359
36 359
37 359
38 359
FOUND NEW BRANCH 12.6498408318 364
FOUND NEW BRANCH 12.6665108204 365
FOUND NEW BRANCH 12.6703119278 366
FOUND NEW BRANCH 12.674022913 367
FOUND NEW BRANCH 12.6972417831 368
FOUND NEW BRANCH 12.7127718925 369
FOUND NEW BRANCH 12.7624089718 370
FOUND NEW BRANCH 12.7700808048 371
FOUND NEW BRANCH 12.7776319981 372
FOUND NEW BRANCH 12.7928488255 373
FOUND NEW BRANCH 12.808300972 374
FOUND NEW BRANCH 12.8123109341 375
FOUND NEW BRANCH 12.8397138119 376
FOUND NEW BRANCH 12.8435838223 377
FOUND NEW BRANCH 12.8473339081 378
FOUND NEW BRANCH 12.8510458469 379
FOUND NEW BRANCH 12.8776078224 380
FOUND NEW BRANCH 12.9120588303 381
39 381
40 381
41 381
42 381
43 381
44 381
45 381
46 381
FOUND NEW BRANCH 16.0589978695 382
FOUND NEW BRANCH 16.0847508907 383
FOUND NEW BRANCH 16.1492249966 386
FOUND NEW BRANCH 16.1817009449 387
FOUND NEW BRANCH 16.1890118122 388
FOUND NEW BRANCH 16.1953549385 389
FOUND NEW BRANCH 16.2081468105 390
FOUND NEW BRANCH 16.2144927979 391
FOUND NEW BRANCH 16.2208168507 392
FOUND NEW BRANCH 16.2463319302 393
FOUND NEW BRANCH 16.2526879311 394
FOUND NEW BRANCH 16.2720057964 395
47 395
FOUND NEW BRANCH 16.5281338692 396
FOUND NEW BRANCH 16.5319797993 398
FOUND NEW BRANCH 16.5990028381 399
FOUND NEW BRANCH 16.6333098412 400
48 400
49 400
FOUND NEW BRANCH 17.1086139679 401
FOUND NEW BRANCH 17.1183710098 411
FOUND NEW BRANCH 17.1472039223 412
FOUND NEW BRANCH 17.1579518318 415
FOUND NEW BRANCH 17.168628931 416
FOUND NEW BRANCH 17.2337269783 417
FOUND NEW BRANCH 17.2800178528 418
50 418
FOUND NEW BRANCH 17.7204158306 419
FOUND NEW BRANCH 17.7323658466 420
51 420
52 420
FOUND NEW BRANCH 18.4403808117 421
FOUND NEW BRANCH 18.4767899513 422
FOUND NEW BRANCH 18.5072889328 423
53 423
54 423
FOUND NEW BRANCH 19.0834879875 424
FOUND NEW BRANCH 19.1013479233 425
FOUND NEW BRANCH 19.108371973 426
FOUND NEW BRANCH 19.1152949333 427
55 427
56 427
57 427
58 427
59 427
60 427
61 427
62 427
63 427
64 427
65 427
66 427
67 427
68 427
69 427
FOUND NEW BRANCH 24.0167648792 433
70 433
71 433
72 433
73 433
74 433
75 433
76 433
FOUND NEW BRANCH 26.3206908703 446
77 446
78 446
79 446
80 446
81 446
FOUND NEW BRANCH 28.9457859993 447
FOUND NEW BRANCH 29.0487909317 448
FOUND NEW BRANCH 29.1348719597 449
FOUND NEW BRANCH 29.1557269096 450
82 450
83 450
84 450
85 450
86 450
87 450
88 450
89 450
90 450
91 450
92 450
FOUND NEW BRANCH 32.7602849007 451
FOUND NEW BRANCH 32.9280958176 453
93 453
94 453
95 453
FOUND NEW BRANCH 33.9436969757 454
96 454
97 454
98 454
99 454
100 454
101 454
102 454
103 454
104 454
105 454
106 454
107 454
108 454
109 454
110 454
FOUND NEW BRANCH 38.8378260136 460
FOUND NEW BRANCH 38.9177858829 461
111 461
112 461
113 461
114 461
115 461
116 461
117 461
118 461
119 461
FOUND NEW BRANCH 41.6742289066 462
FOUND NEW BRANCH 41.8394157887 465
FOUND NEW BRANCH 41.8739979267 468
120 468
121 468
122 468
123 468
124 468
FOUND NEW BRANCH 44.0514698029 471
125 471
126 471
127 471
128 471
129 471
FOUND NEW BRANCH 46.5626959801 481
FOUND NEW BRANCH 46.672344923 484
130 484
131 484
132 484
133 484
134 484
135 484
136 484
137 484
FOUND NEW BRANCH 49.125797987 485
FOUND NEW BRANCH 49.1900048256 486
FOUND NEW BRANCH 49.1930818558 487
FOUND NEW BRANCH 49.2543978691 488
138 488
139 488
140 488
141 488
142 488
143 488
144 488
145 488
146 488
147 488
148 488
149 488
150 488
151 488
152 488
153 488
154 488
155 488
156 488
157 488
158 488
159 488
160 488
161 488
162 488
FOUND NEW BRANCH 57.3546648026 490
FOUND NEW BRANCH 57.4829559326 491
FOUND NEW BRANCH 57.4938337803 493
FOUND NEW BRANCH 57.5255348682 494
163 494
164 494
165 494
166 494
167 494
FOUND NEW BRANCH 59.2286789417 495
168 495
169 495
170 495
EXITING DUE TO TIMEOUT
170 EXECUTED
