Random testing using config=Config(k=10, depth=100, seed=None, maxtests=-1, timeout=300)
1 75
FOUND NEW BRANCH 0.0162889957428 86
FOUND NEW BRANCH 0.0203030109406 91
FOUND NEW BRANCH 0.0254518985748 95
FOUND NEW BRANCH 0.0348880290985 102
FOUND NEW BRANCH 0.0395319461823 118
FOUND NEW BRANCH 0.0459589958191 129
FOUND NEW BRANCH 0.0524508953094 136
FOUND NEW BRANCH 0.059513092041 144
FOUND NEW BRANCH 0.0643799304962 151
FOUND NEW BRANCH 0.0703530311584 152
FOUND NEW BRANCH 0.0762939453125 162
FOUND NEW BRANCH 0.0809869766235 174
FOUND NEW BRANCH 0.0887479782104 175
FOUND NEW BRANCH 0.0946769714355 183
FOUND NEW BRANCH 0.1047539711 186
FOUND NEW BRANCH 0.111228942871 199
FOUND NEW BRANCH 0.117142915726 208
FOUND NEW BRANCH 0.126635074615 214
FOUND NEW BRANCH 0.135678052902 215
FOUND NEW BRANCH 0.141647100449 227
FOUND NEW BRANCH 0.160013914108 233
FOUND NEW BRANCH 0.169544935226 235
FOUND NEW BRANCH 0.175473928452 242
FOUND NEW BRANCH 0.185024023056 248
FOUND NEW BRANCH 0.192169904709 254
FOUND NEW BRANCH 0.19850897789 260
FOUND NEW BRANCH 0.216505050659 266
FOUND NEW BRANCH 0.224205970764 274
FOUND NEW BRANCH 0.231272935867 275
FOUND NEW BRANCH 0.24284696579 280
FOUND NEW BRANCH 0.250623941422 285
FOUND NEW BRANCH 0.280816078186 286
FOUND NEW BRANCH 0.315443992615 287
FOUND NEW BRANCH 0.339251995087 288
FOUND NEW BRANCH 0.489176034927 289
FOUND NEW BRANCH 0.523283958435 295
FOUND NEW BRANCH 0.529475927353 297
FOUND NEW BRANCH 0.547683000565 298
FOUND NEW BRANCH 0.553859949112 299
FOUND NEW BRANCH 0.562367916107 300
FOUND NEW BRANCH 0.570491075516 302
FOUND NEW BRANCH 0.576683044434 303
FOUND NEW BRANCH 0.582787036896 304
FOUND NEW BRANCH 0.590423107147 305
FOUND NEW BRANCH 0.596662044525 306
FOUND NEW BRANCH 0.6027739048 307
FOUND NEW BRANCH 0.609019994736 308
FOUND NEW BRANCH 0.61576294899 309
FOUND NEW BRANCH 0.623270988464 310
FOUND NEW BRANCH 0.630742073059 311
FOUND NEW BRANCH 0.636807918549 312
FOUND NEW BRANCH 0.642921924591 313
FOUND NEW BRANCH 0.654628992081 315
FOUND NEW BRANCH 0.66142988205 316
FOUND NEW BRANCH 0.668276071548 317
FOUND NEW BRANCH 0.675815105438 318
FOUND NEW BRANCH 0.684041976929 319
FOUND NEW BRANCH 0.691024065018 320
FOUND NEW BRANCH 0.700687885284 321
FOUND NEW BRANCH 0.707520008087 322
FOUND NEW BRANCH 0.715831041336 323
FOUND NEW BRANCH 0.722013950348 324
FOUND NEW BRANCH 0.728799104691 325
FOUND NEW BRANCH 0.736937046051 326
FOUND NEW BRANCH 0.76100897789 327
FOUND NEW BRANCH 0.768645048141 328
FOUND NEW BRANCH 0.775504112244 329
FOUND NEW BRANCH 0.783858060837 330
FOUND NEW BRANCH 0.791548013687 331
FOUND NEW BRANCH 0.801994085312 332
FOUND NEW BRANCH 0.813167095184 333
FOUND NEW BRANCH 0.820892095566 334
FOUND NEW BRANCH 0.830719947815 335
FOUND NEW BRANCH 0.851026058197 336
FOUND NEW BRANCH 0.869980096817 337
2 337
FOUND NEW BRANCH 1.09231901169 338
FOUND NEW BRANCH 1.35542798042 339
FOUND NEW BRANCH 1.36054801941 340
FOUND NEW BRANCH 1.36701393127 341
FOUND NEW BRANCH 1.37246704102 342
FOUND NEW BRANCH 1.38049006462 343
FOUND NEW BRANCH 1.39914298058 344
FOUND NEW BRANCH 1.40458989143 354
FOUND NEW BRANCH 1.40965890884 362
FOUND NEW BRANCH 1.41579389572 363
FOUND NEW BRANCH 1.4213180542 364
FOUND NEW BRANCH 1.42920207977 365
FOUND NEW BRANCH 1.43658804893 367
FOUND NEW BRANCH 1.45140194893 368
FOUND NEW BRANCH 1.45640397072 369
FOUND NEW BRANCH 1.46143007278 370
FOUND NEW BRANCH 1.46641802788 371
FOUND NEW BRANCH 1.47367405891 372
FOUND NEW BRANCH 1.4788479805 373
FOUND NEW BRANCH 1.49714803696 374
FOUND NEW BRANCH 1.50485301018 375
FOUND NEW BRANCH 1.51038599014 376
FOUND NEW BRANCH 1.51551103592 378
FOUND NEW BRANCH 1.5230820179 379
FOUND NEW BRANCH 1.52923107147 380
FOUND NEW BRANCH 1.53417801857 381
FOUND NEW BRANCH 1.53969502449 382
FOUND NEW BRANCH 1.54485297203 383
FOUND NEW BRANCH 1.55035591125 387
FOUND NEW BRANCH 1.55798602104 388
FOUND NEW BRANCH 1.56374192238 389
FOUND NEW BRANCH 1.56883502007 390
FOUND NEW BRANCH 1.57846999168 391
FOUND NEW BRANCH 1.58505797386 392
FOUND NEW BRANCH 1.59012007713 393
FOUND NEW BRANCH 1.60857200623 394
3 394
4 394
FOUND NEW BRANCH 2.89650297165 395
FOUND NEW BRANCH 2.91020393372 396
FOUND NEW BRANCH 2.95970511436 397
5 397
6 397
7 397
FOUND NEW BRANCH 4.76671290398 398
FOUND NEW BRANCH 5.05372190475 400
FOUND NEW BRANCH 5.23642897606 403
FOUND NEW BRANCH 5.25353097916 404
FOUND NEW BRANCH 5.26026010513 406
FOUND NEW BRANCH 5.26743197441 407
8 407
9 407
FOUND NEW BRANCH 6.32314395905 409
FOUND NEW BRANCH 6.33001589775 410
FOUND NEW BRANCH 6.35222196579 411
FOUND NEW BRANCH 6.43255209923 412
FOUND NEW BRANCH 6.49132704735 413
FOUND NEW BRANCH 6.50834393501 414
FOUND NEW BRANCH 6.51388001442 415
FOUND NEW BRANCH 6.5351960659 416
FOUND NEW BRANCH 6.57494807243 417
FOUND NEW BRANCH 6.58993196487 418
FOUND NEW BRANCH 6.66693806648 419
FOUND NEW BRANCH 6.68122696877 420
10 420
11 420
FOUND NEW BRANCH 7.71937799454 421
FOUND NEW BRANCH 7.7248570919 422
FOUND NEW BRANCH 7.75658893585 424
FOUND NEW BRANCH 7.77089095116 426
FOUND NEW BRANCH 7.79427099228 427
FOUND NEW BRANCH 7.8248488903 428
12 428
13 428
14 428
15 428
16 428
FOUND NEW BRANCH 11.5149440765 441
FOUND NEW BRANCH 11.5405509472 443
FOUND NEW BRANCH 11.5722749233 447
FOUND NEW BRANCH 11.5833289623 458
FOUND NEW BRANCH 11.6237819195 466
FOUND NEW BRANCH 11.6647059917 472
17 472
18 472
FOUND NEW BRANCH 13.6626141071 473
FOUND NEW BRANCH 13.6754500866 474
19 474
20 474
FOUND NEW BRANCH 15.1517179012 475
21 475
FOUND NEW BRANCH 15.5360529423 478
FOUND NEW BRANCH 15.6256608963 479
FOUND NEW BRANCH 15.6335060596 481
22 481
23 481
24 481
25 481
26 481
FOUND NEW BRANCH 20.4232668877 482
FOUND NEW BRANCH 20.4788808823 483
27 483
28 483
FOUND NEW BRANCH 21.728317976 484
29 484
30 484
31 484
32 484
33 484
34 484
35 484
36 484
37 484
38 484
FOUND NEW BRANCH 29.3690590858 485
FOUND NEW BRANCH 29.3878030777 486
39 486
40 486
41 486
42 486
FOUND NEW BRANCH 32.0565490723 488
FOUND NEW BRANCH 32.0631411076 490
FOUND NEW BRANCH 32.175702095 491
43 491
44 491
45 491
FOUND NEW BRANCH 34.750164032 492
FOUND NEW BRANCH 34.8604750633 493
46 493
47 493
48 493
49 493
50 493
51 493
52 493
53 493
54 493
55 493
56 493
57 493
58 493
59 493
60 493
61 493
62 493
63 493
64 493
65 493
66 493
67 493
68 493
69 493
70 493
71 493
72 493
73 493
74 493
75 493
FOUND NEW BRANCH 59.3356618881 494
FOUND NEW BRANCH 59.3892738819 496
76 496
77 496
78 496
79 496
80 496
81 496
82 496
83 496
84 496
FOUND NEW BRANCH 66.1373119354 498
85 498
86 498
87 498
88 498
89 498
90 498
91 498
92 498
93 498
FOUND NEW BRANCH 72.7998299599 499
94 499
95 499
96 499
97 499
98 499
99 499
100 499
101 499
102 499
103 499
104 499
105 499
FOUND NEW BRANCH 83.6597499847 508
FOUND NEW BRANCH 83.7625238895 509
FOUND NEW BRANCH 83.7855761051 512
FOUND NEW BRANCH 83.8634929657 515
106 515
107 515
108 515
109 515
110 515
111 515
112 515
113 515
114 515
115 515
116 515
117 515
118 515
119 515
120 515
121 515
122 515
123 515
124 515
125 515
126 515
127 515
128 515
129 515
130 515
131 515
132 515
133 515
134 515
135 515
136 515
137 515
138 515
139 515
140 515
141 515
142 515
143 515
144 515
145 515
146 515
147 515
148 515
149 515
150 515
151 515
152 515
153 515
154 515
155 515
156 515
157 515
158 515
159 515
160 515
161 515
162 515
163 515
164 515
165 515
166 515
167 515
168 515
169 515
170 515
171 515
172 515
173 515
174 515
175 515
176 515
177 515
178 515
179 515
180 515
181 515
182 515
183 515
184 515
185 515
186 515
187 515
188 515
189 515
190 515
191 515
FOUND NEW BRANCH 153.854156017 517
192 517
193 517
194 517
195 517
196 517
197 517
198 517
199 517
200 517
201 517
202 517
203 517
204 517
205 517
206 517
207 517
208 517
209 517
210 517
211 517
212 517
213 517
214 517
215 517
216 517
217 517
218 517
219 517
220 517
221 517
222 517
223 517
224 517
225 517
226 517
227 517
228 517
229 517
230 517
231 517
FOUND NEW BRANCH 185.257649899 518
232 518
233 518
234 518
235 518
236 518
237 518
238 518
239 518
240 518
241 518
242 518
243 518
244 518
245 518
246 518
247 518
248 518
249 518
250 518
251 518
252 518
253 518
254 518
255 518
256 518
257 518
258 518
259 518
260 518
261 518
262 518
263 518
264 518
265 518
266 518
267 518
268 518
269 518
270 518
271 518
272 518
273 518
274 518
275 518
276 518
277 518
278 518
279 518
280 518
281 518
282 518
283 518
284 518
285 518
286 518
287 518
288 518
289 518
290 518
291 518
292 518
293 518
294 518
295 518
296 518
297 518
298 518
299 518
300 518
301 518
302 518
303 518
304 518
305 518
306 518
307 518
308 518
309 518
310 518
311 518
312 518
313 518
314 518
315 518
316 518
317 518
318 518
319 518
320 518
321 518
322 518
323 518
324 518
325 518
326 518
327 518
328 518
329 518
330 518
331 518
332 518
333 518
334 518
335 518
336 518
337 518
338 518
339 518
340 518
341 518
342 518
343 518
344 518
345 518
346 518
347 518
348 518
349 518
FOUND NEW BRANCH 276.039613962 520
350 520
351 520
352 520
353 520
354 520
355 520
356 520
FOUND NEW BRANCH 282.48517704 524
357 524
358 524
359 524
360 524
361 524
362 524
363 524
364 524
365 524
366 524
367 524
368 524
369 524
370 524
371 524
372 524
373 524
374 524
375 524
376 524
377 524
378 524
379 524
EXITING DUE TO TIMEOUT
379 EXECUTED
