Random testing using config=Config(k=10, depth=100, seed=None, maxtests=-1, timeout=60)
1 75
FOUND NEW BRANCH 0.0163791179657 80
FOUND NEW BRANCH 0.0208561420441 91
FOUND NEW BRANCH 0.0255610942841 98
FOUND NEW BRANCH 0.0302500724792 117
FOUND NEW BRANCH 0.0373950004578 123
FOUND NEW BRANCH 0.0428459644318 130
FOUND NEW BRANCH 0.0475809574127 138
FOUND NEW BRANCH 0.0530421733856 144
FOUND NEW BRANCH 0.0602190494537 152
FOUND NEW BRANCH 0.0668621063232 153
FOUND NEW BRANCH 0.0716640949249 154
FOUND NEW BRANCH 0.0782301425934 160
FOUND NEW BRANCH 0.0842900276184 170
FOUND NEW BRANCH 0.0917329788208 183
FOUND NEW BRANCH 0.0978150367737 192
FOUND NEW BRANCH 0.103417158127 199
FOUND NEW BRANCH 0.109580993652 200
FOUND NEW BRANCH 0.117951154709 206
FOUND NEW BRANCH 0.12712097168 218
FOUND NEW BRANCH 0.135948181152 219
FOUND NEW BRANCH 0.143848180771 224
FOUND NEW BRANCH 0.151872158051 230
FOUND NEW BRANCH 0.159199953079 242
FOUND NEW BRANCH 0.164400100708 243
FOUND NEW BRANCH 0.169284105301 244
FOUND NEW BRANCH 0.189095020294 247
FOUND NEW BRANCH 0.198980093002 259
FOUND NEW BRANCH 0.237684965134 265
FOUND NEW BRANCH 0.247862100601 273
FOUND NEW BRANCH 0.254817962646 278
FOUND NEW BRANCH 0.275741100311 279
FOUND NEW BRANCH 0.317281007767 286
FOUND NEW BRANCH 0.323048114777 287
FOUND NEW BRANCH 0.352243185043 288
FOUND NEW BRANCH 0.35803604126 290
FOUND NEW BRANCH 0.496598005295 296
FOUND NEW BRANCH 0.500743150711 297
FOUND NEW BRANCH 0.505004167557 298
FOUND NEW BRANCH 0.508830070496 299
FOUND NEW BRANCH 0.513870954514 300
FOUND NEW BRANCH 0.518150091171 301
FOUND NEW BRANCH 0.522461175919 302
FOUND NEW BRANCH 0.526236057281 303
FOUND NEW BRANCH 0.529628038406 304
FOUND NEW BRANCH 0.53338599205 306
FOUND NEW BRANCH 0.539788961411 307
FOUND NEW BRANCH 0.543116092682 308
FOUND NEW BRANCH 0.547557115555 310
FOUND NEW BRANCH 0.551056146622 311
FOUND NEW BRANCH 0.55452299118 312
FOUND NEW BRANCH 0.557924032211 313
FOUND NEW BRANCH 0.564625024796 314
FOUND NEW BRANCH 0.568420171738 315
FOUND NEW BRANCH 0.571846008301 316
FOUND NEW BRANCH 0.576514959335 317
FOUND NEW BRANCH 0.579889059067 318
FOUND NEW BRANCH 0.584601163864 319
FOUND NEW BRANCH 0.588003158569 320
FOUND NEW BRANCH 0.593657970428 321
FOUND NEW BRANCH 0.598070144653 322
FOUND NEW BRANCH 0.608695983887 323
FOUND NEW BRANCH 0.613415002823 324
FOUND NEW BRANCH 0.621621131897 325
FOUND NEW BRANCH 0.625046014786 326
FOUND NEW BRANCH 0.628468990326 327
FOUND NEW BRANCH 0.632758140564 328
FOUND NEW BRANCH 0.640025138855 329
FOUND NEW BRANCH 0.644471168518 330
FOUND NEW BRANCH 0.647889137268 331
FOUND NEW BRANCH 0.652695178986 332
FOUND NEW BRANCH 0.657842159271 333
FOUND NEW BRANCH 0.662214994431 334
FOUND NEW BRANCH 0.669578075409 335
FOUND NEW BRANCH 0.67295217514 336
FOUND NEW BRANCH 0.677862167358 337
FOUND NEW BRANCH 0.683606147766 338
FOUND NEW BRANCH 0.694538116455 339
2 339
FOUND NEW BRANCH 1.05806899071 340
FOUND NEW BRANCH 1.06311607361 342
FOUND NEW BRANCH 1.08361196518 343
FOUND NEW BRANCH 1.09148216248 344
FOUND NEW BRANCH 1.09655809402 345
FOUND NEW BRANCH 1.10073518753 346
FOUND NEW BRANCH 1.10751914978 348
FOUND NEW BRANCH 1.12155413628 349
FOUND NEW BRANCH 1.16016101837 351
FOUND NEW BRANCH 1.28386116028 352
3 352
FOUND NEW BRANCH 2.09019517899 353
FOUND NEW BRANCH 2.13311505318 354
4 354
5 354
6 354
FOUND NEW BRANCH 4.79208111763 356
FOUND NEW BRANCH 4.80233311653 357
FOUND NEW BRANCH 4.81716513634 358
FOUND NEW BRANCH 4.82741808891 360
FOUND NEW BRANCH 4.83791708946 361
FOUND NEW BRANCH 4.84826207161 362
FOUND NEW BRANCH 4.87902212143 363
FOUND NEW BRANCH 4.8894200325 364
FOUND NEW BRANCH 4.89839410782 365
FOUND NEW BRANCH 4.91029000282 366
FOUND NEW BRANCH 4.92151212692 367
FOUND NEW BRANCH 4.93419909477 368
FOUND NEW BRANCH 4.94308304787 369
FOUND NEW BRANCH 4.95906496048 370
FOUND NEW BRANCH 4.96938705444 371
FOUND NEW BRANCH 4.98077917099 372
FOUND NEW BRANCH 4.98810005188 373
FOUND NEW BRANCH 5.00166010857 374
FOUND NEW BRANCH 5.00694298744 375
FOUND NEW BRANCH 5.02090001106 376
FOUND NEW BRANCH 5.02842903137 377
FOUND NEW BRANCH 5.0341360569 378
FOUND NEW BRANCH 5.05647611618 379
FOUND NEW BRANCH 5.0648431778 380
7 380
8 380
9 380
10 380
11 380
12 380
13 380
FOUND NEW BRANCH 11.3012251854 384
FOUND NEW BRANCH 11.3124270439 387
FOUND NEW BRANCH 11.3164920807 393
FOUND NEW BRANCH 11.3344950676 396
FOUND NEW BRANCH 11.3386261463 398
FOUND NEW BRANCH 11.3423240185 399
FOUND NEW BRANCH 11.356842041 410
FOUND NEW BRANCH 11.3684799671 412
FOUND NEW BRANCH 11.3956871033 414
FOUND NEW BRANCH 11.4156911373 415
FOUND NEW BRANCH 11.4535431862 417
FOUND NEW BRANCH 11.4600901604 418
FOUND NEW BRANCH 11.4907751083 419
FOUND NEW BRANCH 11.5053341389 420
FOUND NEW BRANCH 11.5168941021 422
FOUND NEW BRANCH 11.530932188 423
FOUND NEW BRANCH 11.5535831451 424
FOUND NEW BRANCH 11.6175701618 426
FOUND NEW BRANCH 11.6434221268 427
FOUND NEW BRANCH 11.6511201859 428
FOUND NEW BRANCH 11.6862900257 429
FOUND NEW BRANCH 11.6997721195 430
14 430
15 430
16 430
17 430
18 430
19 430
20 430
21 430
22 430
23 430
24 430
25 430
26 430
27 430
28 430
29 430
30 430
31 430
32 430
FOUND NEW BRANCH 33.7363259792 431
FOUND NEW BRANCH 34.1401669979 444
FOUND NEW BRANCH 34.1651721001 446
FOUND NEW BRANCH 34.193434 447
33 447
FOUND NEW BRANCH 35.2790429592 450
34 450
35 450
36 450
37 450
38 450
39 450
40 450
41 450
42 450
43 450
44 450
45 450
46 450
47 450
48 450
49 450
50 450
FOUND NEW BRANCH 52.5484070778 452
51 452
FOUND NEW BRANCH 53.18166399 461
FOUND NEW BRANCH 53.2399811745 462
FOUND NEW BRANCH 53.2941360474 471
FOUND NEW BRANCH 53.3569049835 472
FOUND NEW BRANCH 53.3727140427 473
FOUND NEW BRANCH 53.3897821903 474
52 474
53 474
54 474
FOUND NEW BRANCH 55.6662240028 482
55 482
FOUND NEW BRANCH 56.1912481785 483
FOUND NEW BRANCH 56.2177641392 484
FOUND NEW BRANCH 56.2251160145 485
FOUND NEW BRANCH 56.2854261398 486
FOUND NEW BRANCH 56.4534971714 487
56 487
57 487
58 487
59 487
EXITING DUE TO TIMEOUT
59 EXECUTED
