Random testing using config=Config(k=50, depth=100, seed=None, maxtests=-1, timeout=300)
1 75
FOUND NEW BRANCH 0.0161859989166 80
FOUND NEW BRANCH 0.0204060077667 87
FOUND NEW BRANCH 0.0247988700867 98
FOUND NEW BRANCH 0.0292069911957 118
FOUND NEW BRANCH 0.0369069576263 126
FOUND NEW BRANCH 0.0415818691254 135
FOUND NEW BRANCH 0.0460488796234 141
FOUND NEW BRANCH 0.0538868904114 147
FOUND NEW BRANCH 0.0608270168304 154
FOUND NEW BRANCH 0.0660409927368 161
FOUND NEW BRANCH 0.0711169242859 167
FOUND NEW BRANCH 0.0768959522247 173
FOUND NEW BRANCH 0.0879628658295 180
FOUND NEW BRANCH 0.0937058925629 181
FOUND NEW BRANCH 0.099310874939 193
FOUND NEW BRANCH 0.103839874268 201
FOUND NEW BRANCH 0.110098838806 202
FOUND NEW BRANCH 0.118227005005 213
FOUND NEW BRANCH 0.124000787735 214
FOUND NEW BRANCH 0.132190942764 220
FOUND NEW BRANCH 0.136698961258 225
FOUND NEW BRANCH 0.143028974533 230
FOUND NEW BRANCH 0.157594919205 238
FOUND NEW BRANCH 0.164149999619 251
FOUND NEW BRANCH 0.171304941177 254
FOUND NEW BRANCH 0.175844907761 260
FOUND NEW BRANCH 0.181777954102 261
FOUND NEW BRANCH 0.186458826065 273
FOUND NEW BRANCH 0.203123807907 274
FOUND NEW BRANCH 0.223591804504 284
FOUND NEW BRANCH 0.244126796722 285
FOUND NEW BRANCH 0.261541843414 286
FOUND NEW BRANCH 0.288815021515 287
FOUND NEW BRANCH 0.343266010284 288
FOUND NEW BRANCH 0.355892896652 290
FOUND NEW BRANCH 0.585572004318 296
FOUND NEW BRANCH 0.594496965408 297
FOUND NEW BRANCH 0.603940963745 299
FOUND NEW BRANCH 0.609825849533 301
FOUND NEW BRANCH 0.616245985031 302
FOUND NEW BRANCH 0.62270283699 303
FOUND NEW BRANCH 0.63341999054 304
FOUND NEW BRANCH 0.639895915985 305
FOUND NEW BRANCH 0.647305011749 306
FOUND NEW BRANCH 0.653131008148 307
FOUND NEW BRANCH 0.659667015076 309
FOUND NEW BRANCH 0.667646884918 310
FOUND NEW BRANCH 0.673463821411 311
FOUND NEW BRANCH 0.67920088768 312
FOUND NEW BRANCH 0.686527013779 313
FOUND NEW BRANCH 0.693933010101 314
FOUND NEW BRANCH 0.699920892715 315
FOUND NEW BRANCH 0.705892801285 316
FOUND NEW BRANCH 0.712652921677 317
FOUND NEW BRANCH 0.719899892807 318
FOUND NEW BRANCH 0.726665973663 319
FOUND NEW BRANCH 0.734037876129 320
FOUND NEW BRANCH 0.742199897766 321
FOUND NEW BRANCH 0.749500989914 322
FOUND NEW BRANCH 0.756773948669 323
FOUND NEW BRANCH 0.762526988983 324
FOUND NEW BRANCH 0.768260955811 325
FOUND NEW BRANCH 0.774815797806 326
FOUND NEW BRANCH 0.779732942581 327
FOUND NEW BRANCH 0.785419940948 328
FOUND NEW BRANCH 0.789021968842 329
FOUND NEW BRANCH 0.796538829803 330
FOUND NEW BRANCH 0.801764011383 331
FOUND NEW BRANCH 0.805439949036 332
FOUND NEW BRANCH 0.810261964798 333
FOUND NEW BRANCH 0.814191818237 334
FOUND NEW BRANCH 0.817924976349 335
FOUND NEW BRANCH 0.821690797806 336
FOUND NEW BRANCH 0.832123994827 337
FOUND NEW BRANCH 0.844213008881 338
FOUND NEW BRANCH 0.850958824158 339
FOUND NEW BRANCH 0.861407995224 340
FOUND NEW BRANCH 0.86554980278 341
FOUND NEW BRANCH 0.892719984055 342
FOUND NEW BRANCH 0.895925998688 343
FOUND NEW BRANCH 0.899621963501 344
FOUND NEW BRANCH 0.962307929993 345
2 345
FOUND NEW BRANCH 1.29013490677 346
FOUND NEW BRANCH 1.29409885406 347
FOUND NEW BRANCH 1.30028700829 348
FOUND NEW BRANCH 1.31204199791 350
FOUND NEW BRANCH 1.31648182869 351
FOUND NEW BRANCH 1.32393479347 353
FOUND NEW BRANCH 1.33293485641 354
FOUND NEW BRANCH 1.34502601624 356
FOUND NEW BRANCH 1.39672398567 357
FOUND NEW BRANCH 1.48563694954 358
FOUND NEW BRANCH 2.76185178757 359
FOUND NEW BRANCH 2.77197694778 370
FOUND NEW BRANCH 2.77645087242 380
FOUND NEW BRANCH 2.78169989586 381
FOUND NEW BRANCH 2.7860918045 382
FOUND NEW BRANCH 2.79523491859 383
FOUND NEW BRANCH 2.80260491371 384
FOUND NEW BRANCH 2.80648994446 385
FOUND NEW BRANCH 2.81152796745 386
FOUND NEW BRANCH 2.81698179245 387
FOUND NEW BRANCH 2.8248898983 388
FOUND NEW BRANCH 2.8296380043 389
FOUND NEW BRANCH 2.83453392982 390
FOUND NEW BRANCH 2.85049891472 391
FOUND NEW BRANCH 2.85445284843 392
FOUND NEW BRANCH 2.86098599434 393
FOUND NEW BRANCH 2.86803793907 394
3 394
FOUND NEW BRANCH 4.01490497589 395
FOUND NEW BRANCH 4.02699995041 400
FOUND NEW BRANCH 4.03295397758 404
FOUND NEW BRANCH 4.03878283501 405
FOUND NEW BRANCH 4.04684686661 420
FOUND NEW BRANCH 4.07644200325 421
FOUND NEW BRANCH 4.0801718235 422
FOUND NEW BRANCH 4.08638691902 423
FOUND NEW BRANCH 4.09341788292 424
FOUND NEW BRANCH 4.09964990616 425
FOUND NEW BRANCH 4.10921502113 426
FOUND NEW BRANCH 4.11293983459 427
FOUND NEW BRANCH 4.11801195145 429
FOUND NEW BRANCH 4.13281297684 430
FOUND NEW BRANCH 4.29173088074 431
FOUND NEW BRANCH 4.29726290703 432
FOUND NEW BRANCH 4.31295585632 433
FOUND NEW BRANCH 4.33470892906 434
FOUND NEW BRANCH 4.39183783531 435
FOUND NEW BRANCH 4.40243196487 436
FOUND NEW BRANCH 4.74695396423 437
FOUND NEW BRANCH 4.75732088089 438
4 438
5 438
6 438
FOUND NEW BRANCH 11.4732289314 441
FOUND NEW BRANCH 11.4924240112 442
FOUND NEW BRANCH 11.5611639023 444
7 444
8 444
9 444
10 444
11 444
12 444
13 444
14 444
15 444
16 444
FOUND NEW BRANCH 33.2980918884 450
FOUND NEW BRANCH 34.0784249306 453
FOUND NEW BRANCH 34.1018807888 454
FOUND NEW BRANCH 34.3383579254 455
FOUND NEW BRANCH 34.4354119301 456
17 456
18 456
19 456
20 456
FOUND NEW BRANCH 41.7266459465 457
FOUND NEW BRANCH 41.7645959854 458
21 458
22 458
23 458
24 458
FOUND NEW BRANCH 50.337859869 459
FOUND NEW BRANCH 50.702988863 460
FOUND NEW BRANCH 50.7436618805 461
FOUND NEW BRANCH 50.9930310249 462
25 462
26 462
27 462
28 462
FOUND NEW BRANCH 59.1457099915 463
29 463
30 463
31 463
FOUND NEW BRANCH 67.1461529732 466
FOUND NEW BRANCH 67.1600089073 468
FOUND NEW BRANCH 67.2062108517 469
FOUND NEW BRANCH 67.8837938309 470
FOUND NEW BRANCH 67.9018588066 479
32 479
33 479
34 479
35 479
36 479
37 479
38 479
39 479
FOUND NEW BRANCH 86.0305337906 483
40 483
FOUND NEW BRANCH 86.9220368862 486
FOUND NEW BRANCH 86.9345629215 488
FOUND NEW BRANCH 86.9884610176 490
FOUND NEW BRANCH 87.0040438175 492
FOUND NEW BRANCH 88.1231899261 496
41 496
42 496
43 496
44 496
45 496
46 496
47 496
48 496
49 496
50 496
FOUND NEW BRANCH 110.03745985 498
51 498
52 498
53 498
54 498
55 498
56 498
57 498
58 498
59 498
60 498
61 498
62 498
63 498
FOUND NEW BRANCH 140.276247025 500
64 500
65 500
66 500
67 500
68 500
69 500
70 500
71 500
72 500
73 500
74 500
75 500
76 500
77 500
FOUND NEW BRANCH 172.874871016 501
78 501
FOUND NEW BRANCH 173.487978935 502
79 502
80 502
81 502
82 502
FOUND NEW BRANCH 183.47958684 503
83 503
84 503
85 503
86 503
87 503
88 503
89 503
90 503
91 503
92 503
93 503
94 503
95 503
96 503
97 503
98 503
99 503
100 503
101 503
102 503
103 503
104 503
105 503
106 503
107 503
108 503
109 503
110 503
111 503
112 503
113 503
114 503
115 503
116 503
FOUND NEW BRANCH 261.831455946 512
FOUND NEW BRANCH 261.895042896 514
117 514
118 514
119 514
120 514
121 514
122 514
FOUND NEW BRANCH 276.443655968 515
123 515
124 515
125 515
126 515
127 515
128 515
129 515
130 515
131 515
EXITING DUE TO TIMEOUT
131 EXECUTED
